MPASM  5.51                      UNTITLED.ASM   3-7-2017  23:29:44         PAGE  1


LOC  OBJECT CODE     LINE SOURCE TEXT
  VALUE

                      00001 ;La idea de este programa es mostrar un código binario recibido por el puerto A en
                      00002 ;un display  de 7 segmentos conectado en el puerto B, mostrando el uso de llamadas a subrutinas
                      00003 
                      00004 ;ZONA DE DATOS**************************************************************************
                      00005 
2007   3FF1           00006         __CONFIG _CP_OFF& _WDT_OFF& _PWRTE_ON& _XT_OSC
                      00007         LIST P=16F84A
                      00008         INCLUDE <P16F84A.INC>
                      00001         LIST
                      00002 
                      00003 ;==========================================================================
                      00004 ;  MPASM PIC16F84A processor include
                      00005 ; 
                      00006 ;  (c) Copyright 1999-2013 Microchip Technology, All rights reserved
                      00007 ;==========================================================================
                      00008 
                      00208         LIST
                      00009 
                      00010 ;ZONA DE CODIGO*************************************************************************
                      00011 
0000   1683           00012         BSF             STATUS,RP0                                              ;Inicializacion y defini
                            cion de puertos accediendo al banco 1.
Message[302]: Register in operand not in bank 0.  Ensure that bank bits are correct.
0001   0186           00013         CLRF    TRISB                                                   ;Definicion de puerto B como sal
                            ida
0002   30FF           00014         MOVLW   0xFF
Message[302]: Register in operand not in bank 0.  Ensure that bank bits are correct.
0003   0085           00015         MOVWF   TRISA                                                   ;Definicion de puerto A como ent
                            rada
0004   1283           00016         BCF             STATUS,RP0                                              ;Acceso al banco 0
                      00017 
0005                  00018 Inicio
                      00019 
0005   0805           00020         MOVF    PORTA,W                                                 ;Movemos el puerto A al registro
                             de trabajo W
0006   390F           00021         ANDLW   0x0F                                                    ;Enmascaro los bits que me inter
                            esan del puerto A
0007   200A           00022         CALL    NumerosDeco                                             ;Llamado a subrutina del puerto 
                            B
0008   0086           00023         MOVWF   PORTB                                                   
0009   2805           00024         GOTO    Inicio
                      00025 
                      00026 
                      00027 ;DEFINICION DE SUBRUTINA
                      00028 
000A                  00029 NumerosDeco
                      00030         
000A   0782           00031         ADDWF   PCL,F                                                   ;Sumo lo que tengo en W al PC y 
                            lo almaceno en PC. Retorno con el numero en 7 seg
000B   3403           00032         RETLW   b'00000011'
000C   349F           00033         RETLW   b'10011111'
000D   3425           00034         RETLW   b'00100101'
000E   340D           00035         RETLW   b'00001101'
MPASM  5.51                      UNTITLED.ASM   3-7-2017  23:29:44         PAGE  2


LOC  OBJECT CODE     LINE SOURCE TEXT
  VALUE

000F   3499           00036         RETLW   b'10011001'
0010   3449           00037         RETLW   b'01001001'
0011   3441           00038         RETLW   b'01000001'
0012   341F           00039         RETLW   b'00011111'
0013   3401           00040         RETLW   b'00000001'
0014   3419           00041         RETLW   b'00011001'
0015   3411           00042         RETLW   b'00010001'
0016   34C1           00043         RETLW   b'11000001'
0017   3463           00044         RETLW   b'01100011'
0018   3485           00045         RETLW   b'10000101'
0019   3461           00046         RETLW   b'01100001'
001A   3471           00047         RETLW   b'01110001'
                      00048 
                      00049         END     
MPASM  5.51                      UNTITLED.ASM   3-7-2017  23:29:44         PAGE  3


SYMBOL TABLE
  LABEL                             VALUE 

C                                 00000000
DC                                00000001
EEADR                             00000009
EECON1                            00000088
EECON2                            00000089
EEDATA                            00000008
EEIE                              00000006
EEIF                              00000004
F                                 00000001
FSR                               00000004
GIE                               00000007
INDF                              00000000
INTCON                            0000000B
INTE                              00000004
INTEDG                            00000006
INTF                              00000001
IRP                               00000007
Inicio                            00000005
NOT_PD                            00000003
NOT_RBPU                          00000007
NOT_TO                            00000004
NumerosDeco                       0000000A
OPTION_REG                        00000081
PCL                               00000002
PCLATH                            0000000A
PORTA                             00000005
PORTB                             00000006
PS0                               00000000
PS1                               00000001
PS2                               00000002
PSA                               00000003
RA0                               00000000
RA1                               00000001
RA2                               00000002
RA3                               00000003
RA4                               00000004
RB0                               00000000
RB1                               00000001
RB2                               00000002
RB3                               00000003
RB4                               00000004
RB5                               00000005
RB6                               00000006
RB7                               00000007
RBIE                              00000003
RBIF                              00000000
RD                                00000000
RP0                               00000005
RP1                               00000006
STATUS                            00000003
T0CS                              00000005
T0IE                              00000005
T0IF                              00000002
MPASM  5.51                      UNTITLED.ASM   3-7-2017  23:29:44         PAGE  4


SYMBOL TABLE
  LABEL                             VALUE 

T0SE                              00000004
TMR0                              00000001
TMR0IE                            00000005
TMR0IF                            00000002
TRISA                             00000085
TRISA0                            00000000
TRISA1                            00000001
TRISA2                            00000002
TRISA3                            00000003
TRISA4                            00000004
TRISB                             00000086
TRISB0                            00000000
TRISB1                            00000001
TRISB2                            00000002
TRISB3                            00000003
TRISB4                            00000004
TRISB5                            00000005
TRISB6                            00000006
TRISB7                            00000007
W                                 00000000
WR                                00000001
WREN                              00000002
WRERR                             00000003
Z                                 00000002
_CONFIG                           00002007
_CP_OFF                           00003FFF
_CP_ON                            0000000F
_DEVID1                           00002006
_FOSC_EXTRC                       00003FFF
_FOSC_HS                          00003FFE
_FOSC_LP                          00003FFC
_FOSC_XT                          00003FFD
_HS_OSC                           00003FFE
_IDLOC0                           00002000
_IDLOC1                           00002001
_IDLOC2                           00002002
_IDLOC3                           00002003
_LP_OSC                           00003FFC
_PWRTE_OFF                        00003FFF
_PWRTE_ON                         00003FF7
_RC_OSC                           00003FFF
_WDTE_OFF                         00003FFB
_WDTE_ON                          00003FFF
_WDT_OFF                          00003FFB
_WDT_ON                           00003FFF
_XT_OSC                           00003FFD
__16F84A                          00000001
MPASM  5.51                      UNTITLED.ASM   3-7-2017  23:29:44         PAGE  5


MEMORY USAGE MAP ('X' = Used,  '-' = Unused)


0000 : XXXXXXXXXXXXXXXX XXXXXXXXXXX----- ---------------- ----------------
2000 : -------X-------- ---------------- ---------------- ----------------

All other memory blocks unused.

Program Memory Words Used:    27
Program Memory Words Free:   997


Errors   :     0
Warnings :     0 reported,     0 suppressed
Messages :     2 reported,     0 suppressed

